<?xml version="1.0" encoding="UTF-8"?>
<!-- Generated by org.testng.reporters.JUnitReportReporter -->
<testsuite hostname="sipl-124" name="Calculator.Calc_Cls" tests="1" failures="0" timestamp="5 Aug 2020 18:57:40 GMT" time="31.613" errors="0">
  <testcase name="Initialization" time="31.613" classname="Calculator.Calc_Cls"/>
</testsuite> <!-- Calculator.Calc_Cls -->
