<?xml version="1.0" encoding="UTF-8"?>
<!-- Generated by org.testng.reporters.JUnitReportReporter -->
<testsuite hostname="sipl-124" name="Maping.Home" tests="1" failures="0" timestamp="5 Aug 2020 17:13:43 GMT" time="52.712" errors="0">
  <testcase name="Initialization" time="52.712" classname="Maping.Home"/>
</testsuite> <!-- Maping.Home -->
